{
  "Cucumber Features": {
    "coverage": {
      "/home/codio/workspace/Iteration/app/controllers/application_controller.rb": {
        "lines": [
          0,
          null,
          0,
          0
        ],
        "branches": {
        }
      },
      "/home/codio/workspace/Iteration/app/controllers/resume_controller.rb": {
        "lines": [
          0,
          0,
          null,
          0,
          null,
          0,
          null,
          0,
          null,
          0
        ],
        "branches": {
        }
      },
      "/home/codio/workspace/Iteration/app/helpers/resume_helper.rb": {
        "lines": [
          0,
          0
        ],
        "branches": {
        }
      },
      "/home/codio/workspace/Iteration/app/models/movie.rb": {
        "lines": [
          0,
          0
        ],
        "branches": {
        }
      }
    },
    "timestamp": 1698724017
  },
  "RSpec": {
    "coverage": {
      "/home/codio/workspace/Iteration/app/helpers/resume_helper.rb": {
        "lines": [
          1,
          null
        ]
      },
      "/home/codio/workspace/Iteration/app/controllers/application_controller.rb": {
        "lines": [
          0,
          null,
          0,
          0
        ],
        "branches": {
        }
      },
      "/home/codio/workspace/Iteration/app/controllers/resume_controller.rb": {
        "lines": [
          0,
          0,
          null,
          0,
          null,
          0,
          null,
          0,
          null,
          0
        ],
        "branches": {
        }
      },
      "/home/codio/workspace/Iteration/app/models/movie.rb": {
        "lines": [
          0,
          0
        ],
        "branches": {
        }
      }
    },
    "timestamp": 1698724035
  }
}
